<?xml version="1.0" encoding="UTF-8"?>
<!-- Generated by org.testng.reporters.JUnitReportReporter -->
<testsuite skipped="0" hostname="SVJain-PC" name="dataliciousAssignment.AssignmentTest" tests="3" failures="0" timestamp="20 Aug 2017 20:21:48 GMT" time="44.120" errors="0">
  <testcase name="task1" time="36.776" classname="dataliciousAssignment.AssignmentTest"/>
  <testcase name="task2" time="7.341" classname="dataliciousAssignment.AssignmentTest"/>
  <testcase name="task3" time="0.003" classname="dataliciousAssignment.AssignmentTest"/>
</testsuite> <!-- dataliciousAssignment.AssignmentTest -->
