<?xml version="1.0" encoding="UTF-8"?>
<!-- Generated by org.testng.reporters.JUnitReportReporter -->
<testsuite skipped="0" hostname="SVJain-PC" name="dataliciousAssignment.SampleTest" tests="1" failures="0" timestamp="20 Aug 2017 20:14:42 GMT" time="0.026" errors="0">
  <testcase name="ftest" time="0.026" classname="dataliciousAssignment.SampleTest"/>
</testsuite> <!-- dataliciousAssignment.SampleTest -->
